2018-09-10 15:23:04,412 the config file is located at configs/config.json
2018-09-10 15:23:04,412 ==> CONFIG FILE PARAMETERS
2018-09-10 15:23:04,413 ==> 	   adaption : 300
2018-09-10 15:23:04,413 ==> 	       data : data/h765a.csv
2018-09-10 15:23:04,413 ==> 	 iterations : 3000
2018-09-10 15:23:04,413 ==> 	 output_dir : output
2018-09-10 15:23:04,413 ==> 	 percentage : 0.9
2018-09-10 15:23:04,413 ==> 	       plot : True
2018-09-10 15:23:04,413 ==> 	  sequences : 3
2018-09-10 15:23:04,413 ==> 	 transition : [10, 2, 0.01]
2018-09-10 15:23:04,413 ==> 	    verbose : True
2018-09-10 15:23:05,146 the fill in value is -32767.0
2018-09-10 15:23:18,352 the percentage of years that have enough data to use is 89.19%
2018-09-10 15:25:06,454 findfont: Found a missing font file.  Rebuilding cache.
2018-09-10 15:25:06,454 font search path ['/Users/john/anaconda3/lib/python3.6/site-packages/matplotlib/mpl-data/fonts/ttf', '/Users/john/anaconda3/lib/python3.6/site-packages/matplotlib/mpl-data/fonts/afm', '/Users/john/anaconda3/lib/python3.6/site-packages/matplotlib/mpl-data/fonts/pdfcorefonts']
2018-09-10 15:25:06,822 Could not open font file /Library/Fonts/NISC18030.ttf
2018-09-10 15:25:07,953 Could not open font file /Users/john/Library/Fonts/Ubuntu Mono derivative Powerline Nerd Font Complete.ttf
2018-09-10 15:25:09,694 generated new fontManager
2018-09-10 15:25:10,237 the acceptance rates for these Markov chains are: [0.3006666666666667, 0.31933333333333336, 0.29633333333333334]
2018-09-10 15:25:11,548 the parameters with max log-posterior score are: [548.3809956837669, 110.52631426212076, -0.4947784604431482]
2018-09-10 15:25:40,079 All done!
